<?xml version="1.0" encoding="UTF-8"?>
<!-- Generated by org.testng.reporters.JUnitXMLReporter -->
<testsuite ignored="0" hostname="DESKTOP-67CE6I4" failures="1" tests="5" name="opencartTest" time="61.508" errors="0" timestamp="2022-11-16T22:49:18 IST">
  <testcase classname="testCases.TC_003_LoginDDT" name="test_loginDDT" time="11.03"/>
  <testcase classname="testCases.TC_003_LoginDDT" name="test_loginDDT" time="11.154"/>
  <testcase classname="testCases.TC_003_LoginDDT" name="test_loginDDT" time="10.748"/>
  <testcase classname="testCases.TC_003_LoginDDT" name="test_loginDDT" time="10.723"/>
  <testcase classname="testCases.TC_003_LoginDDT" name="test_loginDDT" time="10.762">
    <failure type="java.lang.AssertionError" message="expected [true] but found [false]">
      <![CDATA[java.lang.AssertionError: expected [true] but found [false]
at testCases.TC_003_LoginDDT.test_loginDDT(TC_003_LoginDDT.java:45)
at java.base/java.util.ArrayList.forEach(ArrayList.java:1511)
... Removed 35 stack frames]]>
    </failure>
  </testcase> <!-- test_loginDDT -->
</testsuite> <!-- opencartTest -->
