<?xml version="1.0" encoding="UTF-8"?>
<!-- Generated by org.testng.reporters.JUnitXMLReporter -->
<testsuite ignored="0" hostname="DESKTOP-67CE6I4" failures="1" tests="5" name="opencartTest" time="62.926" errors="0" timestamp="2022-11-21T13:02:43 IST">
  <testcase classname="testCases.TC_003_LoginDDT" name="test_loginDDT" time="11.047"/>
  <testcase classname="testCases.TC_003_LoginDDT" name="test_loginDDT" time="10.831"/>
  <testcase classname="testCases.TC_003_LoginDDT" name="test_loginDDT" time="10.998"/>
  <testcase classname="testCases.TC_003_LoginDDT" name="test_loginDDT" time="11.03"/>
  <testcase classname="testCases.TC_003_LoginDDT" name="test_loginDDT" time="10.938">
    <failure type="java.lang.AssertionError" message="expected [true] but found [false]">
      <![CDATA[java.lang.AssertionError: expected [true] but found [false]
at testCases.TC_003_LoginDDT.test_loginDDT(TC_003_LoginDDT.java:45)
at java.base/java.util.ArrayList.forEach(ArrayList.java:1511)
... Removed 31 stack frames]]>
    </failure>
  </testcase> <!-- test_loginDDT -->
</testsuite> <!-- opencartTest -->
